<?xml version="1.0" encoding="UTF-8"?>
<testsuite xmlns:xsi="http://www.w3.org/2001/XMLSchema-instance" xsi:noNamespaceSchemaLocation="https://maven.apache.org/surefire/maven-surefire-plugin/xsd/surefire-test-report.xsd" name="com.example.AppTest" time="0.084" tests="1" errors="0" skipped="0" failures="0">
  <properties>
    <property name="java.specification.version" value="17"/>
    <property name="sun.cpu.isalist" value="amd64"/>
    <property name="sun.jnu.encoding" value="Cp1252"/>
    <property name="java.class.path" value="C:\UNIVERSIDAD\3\MANTENIMIENTO Y PRUEBAS DE SOFTWARE\PRACTICAS\PR1\pr1\target\test-classes;C:\UNIVERSIDAD\3\MANTENIMIENTO Y PRUEBAS DE SOFTWARE\PRACTICAS\PR1\pr1\target\classes;C:\Users\mvict\.m2\repository\junit\junit\4.11\junit-4.11.jar;C:\Users\mvict\.m2\repository\org\hamcrest\hamcrest-core\1.3\hamcrest-core-1.3.jar;"/>
    <property name="java.vm.vendor" value="Oracle Corporation"/>
    <property name="sun.arch.data.model" value="64"/>
    <property name="user.variant" value=""/>
    <property name="java.vendor.url" value="https://java.oracle.com/"/>
    <property name="user.timezone" value="Europe/Madrid"/>
    <property name="os.name" value="Windows 11"/>
    <property name="java.vm.specification.version" value="17"/>
    <property name="sun.java.launcher" value="SUN_STANDARD"/>
    <property name="user.country" value="ES"/>
    <property name="sun.boot.library.path" value="C:\Program Files\Java\jdk-17.0.5\bin"/>
    <property name="sun.java.command" value="C:\Users\mvict\AppData\Local\Temp\surefire13514380524309901452\surefirebooter12661416860379089749.jar C:\Users\mvict\AppData\Local\Temp\surefire13514380524309901452 2024-03-14T11-17-31_327-jvmRun1 surefire16330102474245435907tmp surefire_014279336795474852310tmp"/>
    <property name="jdk.debug" value="release"/>
    <property name="surefire.test.class.path" value="C:\UNIVERSIDAD\3\MANTENIMIENTO Y PRUEBAS DE SOFTWARE\PRACTICAS\PR1\pr1\target\test-classes;C:\UNIVERSIDAD\3\MANTENIMIENTO Y PRUEBAS DE SOFTWARE\PRACTICAS\PR1\pr1\target\classes;C:\Users\mvict\.m2\repository\junit\junit\4.11\junit-4.11.jar;C:\Users\mvict\.m2\repository\org\hamcrest\hamcrest-core\1.3\hamcrest-core-1.3.jar;"/>
    <property name="sun.cpu.endian" value="little"/>
    <property name="user.home" value="C:\Users\mvict"/>
    <property name="user.language" value="es"/>
    <property name="java.specification.vendor" value="Oracle Corporation"/>
    <property name="java.version.date" value="2022-10-18"/>
    <property name="java.home" value="C:\Program Files\Java\jdk-17.0.5"/>
    <property name="file.separator" value="\"/>
    <property name="basedir" value="C:\UNIVERSIDAD\3\MANTENIMIENTO Y PRUEBAS DE SOFTWARE\PRACTICAS\PR1\pr1"/>
    <property name="java.vm.compressedOopsMode" value="Zero based"/>
    <property name="line.separator" value="&#10;"/>
    <property name="java.vm.specification.vendor" value="Oracle Corporation"/>
    <property name="java.specification.name" value="Java Platform API Specification"/>
    <property name="surefire.real.class.path" value="C:\Users\mvict\AppData\Local\Temp\surefire13514380524309901452\surefirebooter12661416860379089749.jar"/>
    <property name="user.script" value=""/>
    <property name="sun.management.compiler" value="HotSpot 64-Bit Tiered Compilers"/>
    <property name="java.runtime.version" value="17.0.5+9-LTS-191"/>
    <property name="user.name" value="mvict"/>
    <property name="path.separator" value=";"/>
    <property name="os.version" value="10.0"/>
    <property name="java.runtime.name" value="Java(TM) SE Runtime Environment"/>
    <property name="file.encoding" value="Cp1252"/>
    <property name="java.vm.name" value="Java HotSpot(TM) 64-Bit Server VM"/>
    <property name="localRepository" value="C:\Users\mvict\.m2\repository"/>
    <property name="java.vendor.url.bug" value="https://bugreport.java.com/bugreport/"/>
    <property name="java.io.tmpdir" value="C:\Users\mvict\AppData\Local\Temp\"/>
    <property name="java.version" value="17.0.5"/>
    <property name="user.dir" value="C:\UNIVERSIDAD\3\MANTENIMIENTO Y PRUEBAS DE SOFTWARE\PRACTICAS\PR1\pr1"/>
    <property name="os.arch" value="amd64"/>
    <property name="java.vm.specification.name" value="Java Virtual Machine Specification"/>
    <property name="sun.os.patch.level" value=""/>
    <property name="native.encoding" value="Cp1252"/>
    <property name="java.library.path" value="C:\Program Files\Java\jdk-17.0.5\bin;C:\WINDOWS\Sun\Java\bin;C:\WINDOWS\system32;C:\WINDOWS;C:\UNIVERSIDAD\mingw\MinGW\mingw64\bin;C:\apache-maven-3.9.6\bin;C:\Program Files\Common Files\Oracle\Java\javapath;C:\Program Files (x86)\Common Files\Oracle\Java\javapath;C:\Program Files\Haskell\bin;C:\UNIVERSIDAD\Haskell\8.6.5\lib\extralibs\bin;C:\UNIVERSIDAD\Haskell\8.6.5\bin;C:\ProgramData\Oracle\Java\javapath;C:\WINDOWS\system32;C:\WINDOWS;C:\WINDOWS\System32\Wbem;C:\WINDOWS\System32\WindowsPowerShell\v1.0\;C:\WINDOWS\System32\OpenSSH\;C:\Program Files\dotnet\;C:\UNIVERSIDAD\Haskell\8.6.5\mingw\bin;C:\yagarto-20121222\bin;C:\Program Files (x86)\Microsoft SQL Server\Client SDK\ODBC\110\Tools\Binn\;C:\Program Files (x86)\Microsoft SQL Server\120\Tools\Binn\ManagementStudio\;C:\Program Files (x86)\Microsoft SQL Server\120\Tools\Binn\;C:\Program Files (x86)\Microsoft SQL Server\120\DTS\Binn\;C:\Program Files\Calibre2\;C:\UNIVERSIDAD\Git\Git\cmd;C:\Users\mvict\AppData\Local\Programs\Python\Python311\Scripts\;C:\Users\mvict\AppData\Local\Programs\Python\Python311\;C:\Users\mvict\AppData\Roaming\cabal\bin;C:\Users\mvict\AppData\Roaming\local\bin;C:\Users\mvict\AppData\Local\Microsoft\WindowsApps;C:\Users\mvict\AppData\Local\Programs\Microsoft VS Code\bin;C:\yagarto-20121222\bin;C:\UNIVERSIDAD\IntelliJ\IntelliJ IDEA Community Edition 2022.2.3\bin;;C:\Users\mvict\AppData\Local\GitHubDesktop\bin;C:\pycharm\PyCharm Community Edition 2023.1.3\bin;;C:\Program Files\JetBrains\IntelliJ IDEA 2023.3.4\bin;;."/>
    <property name="java.vm.info" value="mixed mode, sharing"/>
    <property name="java.vendor" value="Oracle Corporation"/>
    <property name="java.vm.version" value="17.0.5+9-LTS-191"/>
    <property name="sun.io.unicode.encoding" value="UnicodeLittle"/>
    <property name="java.class.version" value="61.0"/>
  </properties>
  <testcase name="shouldAnswerWithTrue" classname="com.example.AppTest" time="0.006"/>
</testsuite>